2023-04-14 19:59:10.932 [info] Log level: Info
2023-04-14 19:59:10.932 [info] Validating found git in: "git"
2023-04-14 19:59:10.932 [info] Using git "2.34.1" from "git"
2023-04-14 19:59:10.932 [info] > git rev-parse --show-toplevel [3ms]
2023-04-14 19:59:10.932 [info] fatal: not a git repository (or any of the parent directories): .git
2023-04-14 19:59:10.932 [info] > git rev-parse --show-toplevel [1ms]
2023-04-14 19:59:10.932 [info] fatal: not a git repository (or any of the parent directories): .git
2023-04-14 19:59:10.932 [info] > git rev-parse --show-toplevel [1ms]
2023-04-14 19:59:10.932 [info] fatal: not a git repository (or any of the parent directories): .git
2023-04-14 19:59:10.932 [info] > git rev-parse --show-toplevel [1ms]
2023-04-14 19:59:10.932 [info] fatal: not a git repository (or any of the parent directories): .git
2023-04-14 20:55:26.060 [info] > git rev-parse --show-toplevel [3ms]
2023-04-14 20:55:26.067 [info] > git rev-parse --git-dir --git-common-dir [1ms]
2023-04-14 20:55:26.087 [info] Open repository: /home/Chulipc
2023-04-14 20:55:26.102 [info] No remotes found in the git config file.
2023-04-14 20:55:26.104 [info] > git config --get commit.template [8ms]
2023-04-14 20:55:26.104 [info] > git for-each-ref --format=%(refname)%00%(upstream:short)%00%(objectname)%00%(upstream:track)%00%(upstream:remotename)%00%(upstream:remoteref) refs/heads/master refs/remotes/master [3ms]
2023-04-14 20:55:26.398 [info] > git status -z -uall [289ms] (cancelled)
2023-04-14 20:55:26.450 [info] > git show --textconv :web.html [4ms]
2023-04-14 20:55:26.451 [info] > git ls-files --stage -- /home/Chulipc/web.html [1ms]
2023-04-14 20:55:26.617 [info] > git check-ignore -v -z --stdin [2ms]
2023-04-14 20:59:05.872 [info] > git check-ignore -v -z --stdin [1ms]
2023-04-14 21:04:55.463 [info] > git ls-files --stage -- /home/Chulipc/web.html [1ms]
2023-04-14 21:04:55.471 [info] > git cat-file -s 6fe34aff54066653780dfd69d35fa9c589ba3d74 [2ms]
2023-04-14 21:04:55.482 [info] > git show --textconv :web.html [1ms]
