2023-04-14 19:34:15.844 [info] Extension host with pid 294 started
2023-04-14 19:34:15.844 [error] Error: listen EACCES: permission denied /mnt/wslg/runtime-dir/vscode-ipc-e8ef1332-2c49-4594-a5fa-e02040102d82.sock
    at Server.setupListenHandle [as _listen2] (node:net:1313:21)
    at listenInCluster (node:net:1378:12)
    at Server.listen (node:net:1476:5)
    at O.g (/home/Chulipc/.vscode-server/bin/704ed70d4fd1c6bd6342c436f1ede30d1cff4710/out/vs/workbench/api/node/extensionHostProcess.js:101:188356)
    at new v (/home/Chulipc/.vscode-server/bin/704ed70d4fd1c6bd6342c436f1ede30d1cff4710/out/vs/workbench/api/node/extensionHostProcess.js:101:188271)
    at new O (/home/Chulipc/.vscode-server/bin/704ed70d4fd1c6bd6342c436f1ede30d1cff4710/out/vs/workbench/api/node/extensionHostProcess.js:101:190361)
    at S.j (/home/Chulipc/.vscode-server/bin/704ed70d4fd1c6bd6342c436f1ede30d1cff4710/out/vs/workbench/api/node/extensionHostProcess.js:84:1296)
    at S.createInstance (/home/Chulipc/.vscode-server/bin/704ed70d4fd1c6bd6342c436f1ede30d1cff4710/out/vs/workbench/api/node/extensionHostProcess.js:84:788)
    at E.pb (/home/Chulipc/.vscode-server/bin/704ed70d4fd1c6bd6342c436f1ede30d1cff4710/out/vs/workbench/api/node/extensionHostProcess.js:120:12418)
    at E.initialize (/home/Chulipc/.vscode-server/bin/704ed70d4fd1c6bd6342c436f1ede30d1cff4710/out/vs/workbench/api/node/extensionHostProcess.js:111:8811)
    at new d (/home/Chulipc/.vscode-server/bin/704ed70d4fd1c6bd6342c436f1ede30d1cff4710/out/vs/workbench/api/node/extensionHostProcess.js:115:1338)
    at c (/home/Chulipc/.vscode-server/bin/704ed70d4fd1c6bd6342c436f1ede30d1cff4710/out/vs/workbench/api/node/extensionHostProcess.js:125:18641)
    at processTicksAndRejections (node:internal/process/task_queues:96:5)
2023-04-14 19:34:15.892 [info] ExtensionService#_doActivateExtension vscode.git-base, startup: true, activationEvent: '*'
2023-04-14 19:34:15.896 [info] Lock '/home/Chulipc/.vscode-server/data/User/workspaceStorage/7579979011767b93ebf8b720656ae059/vscode.lock': Lock acquired.
2023-04-14 19:34:15.963 [info] ExtensionService#_doActivateExtension vscode.github, startup: true, activationEvent: '*'
2023-04-14 19:34:15.977 [info] Eager extensions activated
2023-04-14 19:34:15.977 [info] ExtensionService#_doActivateExtension vscode.debug-auto-launch, startup: false, activationEvent: 'onStartupFinished'
2023-04-14 19:34:15.977 [info] ExtensionService#_doActivateExtension vscode.merge-conflict, startup: false, activationEvent: 'onStartupFinished'
2023-04-14 19:34:20.661 [info] ExtensionService#_doActivateExtension vscode.git, startup: false, activationEvent: 'api', root cause: vscode.github
2023-04-14 19:34:25.675 [info] ExtensionService#_doActivateExtension vscode.html-language-features, startup: false, activationEvent: 'onLanguage:html'
2023-04-14 19:34:25.675 [info] ExtensionService#_doActivateExtension vscode.emmet, startup: false, activationEvent: 'onLanguage'
2023-04-14 19:47:56.535 [info] ExtensionService#_doActivateExtension shardulm94.trailing-spaces, startup: false, activationEvent: 'onStartupFinished'
2023-04-14 19:48:05.069 [info] ExtensionService#_doActivateExtension dbaeumer.vscode-eslint, startup: false, activationEvent: 'onStartupFinished'
2023-04-14 19:48:08.752 [info] ExtensionService#_doActivateExtension pranaygp.vscode-css-peek, startup: false, activationEvent: 'workspaceContains:**/*.css,**/*.scss,**/*.sass,**/*.less'
2023-04-14 19:48:09.686 [info] ExtensionService#_doActivateExtension formulahendry.code-runner, startup: false, activationEvent: 'onStartupFinished'
2023-04-14 19:48:10.152 [info] ExtensionService#_doActivateExtension naumovs.color-highlight, startup: false, activationEvent: '*'
2023-04-14 19:48:10.592 [info] ExtensionService#_doActivateExtension streetsidesoftware.code-spell-checker, startup: false, activationEvent: 'onStartupFinished'
2023-04-14 19:48:13.166 [info] ExtensionService#_doActivateExtension ritwickdey.LiveServer, startup: false, activationEvent: 'onStartupFinished'
2023-04-14 19:58:58.555 [info] Extension host terminating: received terminate message from renderer
2023-04-14 19:58:58.555 [info] Lock '/home/Chulipc/.vscode-server/data/User/workspaceStorage/7579979011767b93ebf8b720656ae059/vscode.lock': Marking the lockfile as scheduled to be released in 6000 ms.
2023-04-14 19:58:58.591 [info] Extension host with pid 294 exiting with code 0
